2021-03-05 10:04:48,375 INFO o.a.j.u.JMeterUtils: Setting Locale to en_AU
2021-03-05 10:04:48,437 INFO o.a.j.JMeter: Loading user properties from: user.properties
2021-03-05 10:04:48,437 INFO o.a.j.JMeter: Loading system properties from: system.properties
2021-03-05 10:04:48,440 INFO o.a.j.JMeter: Copyright (c) 1998-2019 The Apache Software Foundation
2021-03-05 10:04:48,440 INFO o.a.j.JMeter: Version 5.2.1
2021-03-05 10:04:48,440 INFO o.a.j.JMeter: java.version=11.0.2
2021-03-05 10:04:48,440 INFO o.a.j.JMeter: java.vm.name=Java HotSpot(TM) 64-Bit Server VM
2021-03-05 10:04:48,440 INFO o.a.j.JMeter: os.name=Mac OS X
2021-03-05 10:04:48,440 INFO o.a.j.JMeter: os.arch=x86_64
2021-03-05 10:04:48,441 INFO o.a.j.JMeter: os.version=10.16
2021-03-05 10:04:48,441 INFO o.a.j.JMeter: file.encoding=UTF-8
2021-03-05 10:04:48,441 INFO o.a.j.JMeter: java.awt.headless=null
2021-03-05 10:04:48,441 INFO o.a.j.JMeter: Max memory     =1073741824
2021-03-05 10:04:48,441 INFO o.a.j.JMeter: Available Processors =4
2021-03-05 10:04:48,464 INFO o.a.j.JMeter: Default Locale=English (Australia)
2021-03-05 10:04:48,464 INFO o.a.j.JMeter: JMeter  Locale=English (Australia)
2021-03-05 10:04:48,464 INFO o.a.j.JMeter: JMeterHome=/Users/nirmalsingh/Documents/work/apache-jmeter-5.2.1
2021-03-05 10:04:48,464 INFO o.a.j.JMeter: user.dir  =/Users/nirmalsingh/Documents/work/apache-jmeter-5.2.1/bin
2021-03-05 10:04:48,464 INFO o.a.j.JMeter: PWD       =/Users/nirmalsingh/Documents/work/apache-jmeter-5.2.1/bin
2021-03-05 10:04:48,472 INFO o.a.j.JMeter: IP: 192.168.0.214 Name: Nirmals-MBP FullName: nirmals-mbp
2021-03-05 10:04:51,355 INFO o.a.j.g.a.LookAndFeelCommand: Installing Darcula LAF
2021-03-05 10:04:51,373 INFO o.a.j.g.a.LookAndFeelCommand: Using look and feel: com.bulenkov.darcula.DarculaLaf [Darcula]
2021-03-05 10:04:51,373 INFO o.a.j.JMeter: Setting LAF to: com.bulenkov.darcula.DarculaLaf
2021-03-05 10:04:51,519 INFO o.a.j.JMeter: Loaded icon properties from org/apache/jmeter/images/icon.properties
2021-03-05 10:04:55,802 INFO o.j.r.JARSourceHTTP: Requesting https://jmeter-plugins.org/repo/?installID=mac_os_x-5275babfbc0b2176bc1242179219380f-gui
2021-03-05 10:04:58,305 INFO o.a.j.p.h.s.HTTPSamplerBase: Parser for text/html is org.apache.jmeter.protocol.http.parser.LagartoBasedHtmlParser
2021-03-05 10:04:58,306 INFO o.a.j.p.h.s.HTTPSamplerBase: Parser for application/xhtml+xml is org.apache.jmeter.protocol.http.parser.LagartoBasedHtmlParser
2021-03-05 10:04:58,306 INFO o.a.j.p.h.s.HTTPSamplerBase: Parser for application/xml is org.apache.jmeter.protocol.http.parser.LagartoBasedHtmlParser
2021-03-05 10:04:58,306 INFO o.a.j.p.h.s.HTTPSamplerBase: Parser for text/xml is org.apache.jmeter.protocol.http.parser.LagartoBasedHtmlParser
2021-03-05 10:04:58,306 INFO o.a.j.p.h.s.HTTPSamplerBase: Parser for text/vnd.wap.wml is org.apache.jmeter.protocol.http.parser.RegexpHTMLParser
2021-03-05 10:04:58,306 INFO o.a.j.p.h.s.HTTPSamplerBase: Parser for text/css is org.apache.jmeter.protocol.http.parser.CssParser
2021-03-05 10:05:00,081 INFO o.j.r.PluginManager: Plugins Status: [jpgc-graphs-basic=2.0, blazemeter-debugger=0.6, jpgc-functions=2.1, jpgc-casutg=2.9, jpgc-dummy=0.4, jpgc-ffw=2.0, jpgc-fifo=0.2, bzm-parallel=0.9, jpgc-perfmon=2.1, jpgc-plugins-manager=1.4, jpgc-tst=2.5, jpgc-wsc=0.7, jmeter-core=5.2.1, jmeter-ftp=5.2.1, jmeter-http=5.2.1, jmeter-jdbc=5.2.1, jmeter-jms=5.2.1, jmeter-junit=5.2.1, jmeter-java=5.2.1, jmeter-ldap=5.2.1, jmeter-mail=5.2.1, jmeter-mongodb=5.2.1, jmeter-native=5.2.1, jmeter-tcp=5.2.1, jmeter-components=5.2.1, jpgc-standard=2.0]
2021-03-05 10:05:00,087 INFO o.j.r.PluginManagerMenuItem: Plugins Manager has upgrades: [jpgc-plugins-manager]
2021-03-05 10:05:01,132 INFO o.a.j.e.KeyToolUtils: keytool found at 'keytool'
2021-03-05 10:05:01,133 INFO o.a.j.p.h.p.ProxyControl: HTTP(S) Test Script Recorder SSL Proxy will use keys that support embedded 3rd party resources in file /Users/nirmalsingh/Documents/work/apache-jmeter-5.2.1/bin/proxyserver.jks
2021-03-05 10:05:01,314 INFO o.a.j.s.FileServer: Default base='/Users/nirmalsingh/Documents/work/apache-jmeter-5.2.1/bin'
2021-03-05 10:05:01,684 INFO o.a.j.s.SampleResult: Note: Sample TimeStamps are START times
2021-03-05 10:05:01,685 INFO o.a.j.s.SampleResult: sampleresult.default.encoding is set to ISO-8859-1
2021-03-05 10:05:01,685 INFO o.a.j.s.SampleResult: sampleresult.useNanoTime=true
2021-03-05 10:05:01,685 INFO o.a.j.s.SampleResult: sampleresult.nanoThreadSleep=5000
2021-03-05 10:05:01,711 INFO o.a.j.v.ViewResultsFullVisualizer: Add JavaFX to your Java installation if you want to use renderer: org.apache.jmeter.visualizers.RenderInBrowser
2021-03-05 10:12:01,570 INFO o.a.j.e.StandardJMeterEngine: Running the test!
2021-03-05 10:12:01,572 INFO o.a.j.s.SampleEvent: List of sample_variables: []
2021-03-05 10:12:01,572 INFO o.a.j.s.SampleEvent: List of sample_variables: []
2021-03-05 10:12:01,575 INFO o.a.j.e.u.CompoundVariable: Note: Function class names must contain the string: '.functions.'
2021-03-05 10:12:01,575 INFO o.a.j.e.u.CompoundVariable: Note: Function class names must not contain the string: '.gui.'
2021-03-05 10:12:01,989 INFO o.a.j.g.u.JMeterMenuBar: setRunning(true, *local*)
2021-03-05 10:12:02,077 INFO o.a.j.e.StandardJMeterEngine: Starting ThreadGroup: 1 : Thread Group
2021-03-05 10:12:02,077 INFO o.a.j.e.StandardJMeterEngine: Starting 1 threads for group Thread Group.
2021-03-05 10:12:02,078 INFO o.a.j.e.StandardJMeterEngine: Thread will continue on error
2021-03-05 10:12:02,078 INFO o.a.j.t.ThreadGroup: Starting thread group... number=1 threads=1 ramp-up=1 delayedStart=false
2021-03-05 10:12:02,083 INFO o.a.j.t.ThreadGroup: Started thread group number 1
2021-03-05 10:12:02,084 INFO o.a.j.e.StandardJMeterEngine: All thread groups have been started
2021-03-05 10:12:02,087 INFO o.a.j.t.JMeterThread: Thread started: Thread Group 1-1
2021-03-05 10:12:04,368 INFO o.a.j.t.JMeterThread: Thread is done: Thread Group 1-1
2021-03-05 10:12:04,369 INFO o.a.j.t.JMeterThread: Thread finished: Thread Group 1-1
2021-03-05 10:12:04,370 INFO o.a.j.e.StandardJMeterEngine: Notifying test listeners of end of test
2021-03-05 10:12:04,371 INFO o.a.j.g.u.JMeterMenuBar: setRunning(false, *local*)
2021-03-05 10:12:12,499 INFO o.a.j.e.StandardJMeterEngine: Running the test!
2021-03-05 10:12:12,500 INFO o.a.j.s.SampleEvent: List of sample_variables: []
2021-03-05 10:12:12,503 INFO o.a.j.g.u.JMeterMenuBar: setRunning(true, *local*)
2021-03-05 10:12:12,567 INFO o.a.j.e.StandardJMeterEngine: Starting ThreadGroup: 1 : Thread Group
2021-03-05 10:12:12,568 INFO o.a.j.e.StandardJMeterEngine: Starting 50 threads for group Thread Group.
2021-03-05 10:12:12,568 INFO o.a.j.e.StandardJMeterEngine: Thread will continue on error
2021-03-05 10:12:12,568 INFO o.a.j.t.ThreadGroup: Starting thread group... number=1 threads=50 ramp-up=1 delayedStart=false
2021-03-05 10:12:12,570 INFO o.a.j.t.JMeterThread: Thread started: Thread Group 1-1
2021-03-05 10:12:12,597 INFO o.a.j.t.JMeterThread: Thread started: Thread Group 1-2
2021-03-05 10:12:12,613 INFO o.a.j.t.ThreadGroup: Started thread group number 1
2021-03-05 10:12:12,613 INFO o.a.j.e.StandardJMeterEngine: All thread groups have been started
2021-03-05 10:12:12,616 INFO o.a.j.t.JMeterThread: Thread started: Thread Group 1-3
2021-03-05 10:12:12,639 INFO o.a.j.t.JMeterThread: Thread started: Thread Group 1-4
2021-03-05 10:12:12,656 INFO o.a.j.t.JMeterThread: Thread started: Thread Group 1-5
2021-03-05 10:12:12,675 INFO o.a.j.t.JMeterThread: Thread started: Thread Group 1-6
2021-03-05 10:12:12,691 INFO o.a.j.t.JMeterThread: Thread started: Thread Group 1-7
2021-03-05 10:12:12,710 INFO o.a.j.t.JMeterThread: Thread started: Thread Group 1-8
2021-03-05 10:12:12,734 INFO o.a.j.t.JMeterThread: Thread started: Thread Group 1-9
2021-03-05 10:12:12,751 INFO o.a.j.t.JMeterThread: Thread started: Thread Group 1-10
2021-03-05 10:12:12,771 INFO o.a.j.t.JMeterThread: Thread started: Thread Group 1-11
2021-03-05 10:12:12,793 INFO o.a.j.t.JMeterThread: Thread started: Thread Group 1-12
2021-03-05 10:12:12,810 INFO o.a.j.t.JMeterThread: Thread started: Thread Group 1-13
2021-03-05 10:12:12,834 INFO o.a.j.t.JMeterThread: Thread started: Thread Group 1-14
2021-03-05 10:12:12,850 INFO o.a.j.t.JMeterThread: Thread started: Thread Group 1-15
2021-03-05 10:12:12,871 INFO o.a.j.t.JMeterThread: Thread started: Thread Group 1-16
2021-03-05 10:12:12,891 INFO o.a.j.t.JMeterThread: Thread started: Thread Group 1-17
2021-03-05 10:12:12,911 INFO o.a.j.t.JMeterThread: Thread started: Thread Group 1-18
2021-03-05 10:12:12,934 INFO o.a.j.t.JMeterThread: Thread started: Thread Group 1-19
2021-03-05 10:12:12,954 INFO o.a.j.t.JMeterThread: Thread started: Thread Group 1-20
2021-03-05 10:12:12,973 INFO o.a.j.t.JMeterThread: Thread started: Thread Group 1-21
2021-03-05 10:12:12,993 INFO o.a.j.t.JMeterThread: Thread started: Thread Group 1-22
2021-03-05 10:12:13,011 INFO o.a.j.t.JMeterThread: Thread started: Thread Group 1-23
2021-03-05 10:12:13,034 INFO o.a.j.t.JMeterThread: Thread started: Thread Group 1-24
2021-03-05 10:12:13,056 INFO o.a.j.t.JMeterThread: Thread started: Thread Group 1-25
2021-03-05 10:12:13,075 INFO o.a.j.t.JMeterThread: Thread started: Thread Group 1-26
2021-03-05 10:12:13,090 INFO o.a.j.t.JMeterThread: Thread started: Thread Group 1-27
2021-03-05 10:12:13,109 INFO o.a.j.t.JMeterThread: Thread started: Thread Group 1-28
2021-03-05 10:12:13,130 INFO o.a.j.t.JMeterThread: Thread started: Thread Group 1-29
2021-03-05 10:12:13,151 INFO o.a.j.t.JMeterThread: Thread started: Thread Group 1-30
2021-03-05 10:12:13,172 INFO o.a.j.t.JMeterThread: Thread started: Thread Group 1-31
2021-03-05 10:12:13,190 INFO o.a.j.t.JMeterThread: Thread started: Thread Group 1-32
2021-03-05 10:12:13,211 INFO o.a.j.t.JMeterThread: Thread started: Thread Group 1-33
2021-03-05 10:12:13,234 INFO o.a.j.t.JMeterThread: Thread started: Thread Group 1-34
2021-03-05 10:12:13,253 INFO o.a.j.t.JMeterThread: Thread started: Thread Group 1-35
2021-03-05 10:12:13,273 INFO o.a.j.t.JMeterThread: Thread started: Thread Group 1-36
2021-03-05 10:12:13,294 INFO o.a.j.t.JMeterThread: Thread started: Thread Group 1-37
2021-03-05 10:12:13,310 INFO o.a.j.t.JMeterThread: Thread started: Thread Group 1-38
2021-03-05 10:12:13,334 INFO o.a.j.t.JMeterThread: Thread started: Thread Group 1-39
2021-03-05 10:12:13,354 INFO o.a.j.t.JMeterThread: Thread started: Thread Group 1-40
2021-03-05 10:12:13,372 INFO o.a.j.t.JMeterThread: Thread started: Thread Group 1-41
2021-03-05 10:12:13,390 INFO o.a.j.t.JMeterThread: Thread started: Thread Group 1-42
2021-03-05 10:12:13,411 INFO o.a.j.t.JMeterThread: Thread started: Thread Group 1-43
2021-03-05 10:12:13,433 INFO o.a.j.t.JMeterThread: Thread started: Thread Group 1-44
2021-03-05 10:12:13,451 INFO o.a.j.t.JMeterThread: Thread started: Thread Group 1-45
2021-03-05 10:12:13,471 INFO o.a.j.t.JMeterThread: Thread started: Thread Group 1-46
2021-03-05 10:12:13,492 INFO o.a.j.t.JMeterThread: Thread started: Thread Group 1-47
2021-03-05 10:12:13,512 INFO o.a.j.t.JMeterThread: Thread started: Thread Group 1-48
2021-03-05 10:12:13,530 INFO o.a.j.t.JMeterThread: Thread started: Thread Group 1-49
2021-03-05 10:12:13,550 INFO o.a.j.t.JMeterThread: Thread started: Thread Group 1-50
2021-03-05 10:12:59,806 INFO o.a.j.g.a.Start: Stopping test
2021-03-05 10:12:59,825 INFO o.a.j.t.JMeterThread: Stopping: Thread Group 1-22
2021-03-05 10:12:59,825 WARN o.a.j.t.JMeterThread: Interrupting: Thread Group 1-22 sampler: tran2
2021-03-05 10:12:59,826 INFO o.a.j.t.JMeterThread: Thread finished: Thread Group 1-22
2021-03-05 10:12:59,826 INFO o.a.j.t.JMeterThread: Stopping: Thread Group 1-46
2021-03-05 10:12:59,826 WARN o.a.j.t.JMeterThread: Interrupting: Thread Group 1-46 sampler: tran2
2021-03-05 10:12:59,827 INFO o.a.j.t.JMeterThread: Stopping: Thread Group 1-8
2021-03-05 10:12:59,827 INFO o.a.j.t.JMeterThread: Thread finished: Thread Group 1-46
2021-03-05 10:12:59,827 WARN o.a.j.t.JMeterThread: Interrupting: Thread Group 1-8 sampler: tran2
2021-03-05 10:12:59,827 INFO o.a.j.t.JMeterThread: Stopping: Thread Group 1-34
2021-03-05 10:12:59,827 WARN o.a.j.t.JMeterThread: Interrupting: Thread Group 1-34 sampler: tran2
2021-03-05 10:12:59,827 INFO o.a.j.t.JMeterThread: Stopping: Thread Group 1-43
2021-03-05 10:12:59,827 WARN o.a.j.t.JMeterThread: Interrupting: Thread Group 1-43 sampler: tran2
2021-03-05 10:12:59,828 INFO o.a.j.t.JMeterThread: Stopping: Thread Group 1-24
2021-03-05 10:12:59,828 WARN o.a.j.t.JMeterThread: Interrupting: Thread Group 1-24 sampler: tran2
2021-03-05 10:12:59,828 INFO o.a.j.t.JMeterThread: Thread finished: Thread Group 1-8
2021-03-05 10:12:59,828 INFO o.a.j.t.JMeterThread: Stopping: Thread Group 1-42
2021-03-05 10:12:59,828 WARN o.a.j.t.JMeterThread: Interrupting: Thread Group 1-42 sampler: tran2
2021-03-05 10:12:59,829 INFO o.a.j.t.JMeterThread: Stopping: Thread Group 1-35
2021-03-05 10:12:59,829 INFO o.a.j.t.JMeterThread: Thread finished: Thread Group 1-43
2021-03-05 10:12:59,829 INFO o.a.j.t.JMeterThread: Thread finished: Thread Group 1-34
2021-03-05 10:12:59,829 WARN o.a.j.t.JMeterThread: Interrupting: Thread Group 1-35 sampler: tran2
2021-03-05 10:12:59,829 INFO o.a.j.t.JMeterThread: Stopping: Thread Group 1-50
2021-03-05 10:12:59,829 WARN o.a.j.t.JMeterThread: Interrupting: Thread Group 1-50 sampler: tran1
2021-03-05 10:12:59,829 INFO o.a.j.t.JMeterThread: Thread finished: Thread Group 1-24
2021-03-05 10:12:59,829 INFO o.a.j.t.JMeterThread: Stopping: Thread Group 1-30
2021-03-05 10:12:59,830 INFO o.a.j.t.JMeterThread: Thread finished: Thread Group 1-50
2021-03-05 10:12:59,830 WARN o.a.j.t.JMeterThread: Interrupting: Thread Group 1-30 sampler: tran2
2021-03-05 10:12:59,830 INFO o.a.j.t.JMeterThread: Stopping: Thread Group 1-14
2021-03-05 10:12:59,830 INFO o.a.j.t.JMeterThread: Thread finished: Thread Group 1-42
2021-03-05 10:12:59,830 WARN o.a.j.t.JMeterThread: Interrupting: Thread Group 1-14 sampler: tran2
2021-03-05 10:12:59,831 INFO o.a.j.t.JMeterThread: Thread finished: Thread Group 1-35
2021-03-05 10:12:59,831 INFO o.a.j.t.JMeterThread: Stopping: Thread Group 1-45
2021-03-05 10:12:59,831 WARN o.a.j.t.JMeterThread: Interrupting: Thread Group 1-45 sampler: tran1
2021-03-05 10:12:59,831 INFO o.a.j.t.JMeterThread: Stopping: Thread Group 1-29
2021-03-05 10:12:59,832 WARN o.a.j.t.JMeterThread: Interrupting: Thread Group 1-29 sampler: tran2
2021-03-05 10:12:59,831 INFO o.a.j.t.JMeterThread: Thread finished: Thread Group 1-30
2021-03-05 10:12:59,832 INFO o.a.j.t.JMeterThread: Stopping: Thread Group 1-25
2021-03-05 10:12:59,832 WARN o.a.j.t.JMeterThread: Interrupting: Thread Group 1-25 sampler: tran2
2021-03-05 10:12:59,832 INFO o.a.j.t.JMeterThread: Stopping: Thread Group 1-32
2021-03-05 10:12:59,832 WARN o.a.j.t.JMeterThread: Interrupting: Thread Group 1-32 sampler: tran1
2021-03-05 10:12:59,832 INFO o.a.j.t.JMeterThread: Stopping: Thread Group 1-18
2021-03-05 10:12:59,832 WARN o.a.j.t.JMeterThread: Interrupting: Thread Group 1-18 sampler: tran2
2021-03-05 10:12:59,832 INFO o.a.j.t.JMeterThread: Thread finished: Thread Group 1-45
2021-03-05 10:12:59,832 INFO o.a.j.t.JMeterThread: Thread finished: Thread Group 1-14
2021-03-05 10:12:59,832 INFO o.a.j.t.JMeterThread: Stopping: Thread Group 1-7
2021-03-05 10:12:59,833 WARN o.a.j.t.JMeterThread: Interrupting: Thread Group 1-7 sampler: tran2
2021-03-05 10:12:59,833 INFO o.a.j.t.JMeterThread: Stopping: Thread Group 1-6
2021-03-05 10:12:59,833 WARN o.a.j.t.JMeterThread: Interrupting: Thread Group 1-6 sampler: tran2
2021-03-05 10:12:59,833 INFO o.a.j.t.JMeterThread: Thread finished: Thread Group 1-18
2021-03-05 10:12:59,833 INFO o.a.j.t.JMeterThread: Stopping: Thread Group 1-37
2021-03-05 10:12:59,834 INFO o.a.j.t.JMeterThread: Thread finished: Thread Group 1-7
2021-03-05 10:12:59,834 INFO o.a.j.t.JMeterThread: Thread finished: Thread Group 1-32
2021-03-05 10:12:59,833 INFO o.a.j.t.JMeterThread: Thread finished: Thread Group 1-29
2021-03-05 10:12:59,834 WARN o.a.j.t.JMeterThread: Interrupting: Thread Group 1-37 sampler: tran2
2021-03-05 10:12:59,835 INFO o.a.j.t.JMeterThread: Thread finished: Thread Group 1-6
2021-03-05 10:12:59,836 INFO o.a.j.t.JMeterThread: Stopping: Thread Group 1-38
2021-03-05 10:12:59,836 WARN o.a.j.t.JMeterThread: Interrupting: Thread Group 1-38 sampler: tran2
2021-03-05 10:12:59,836 INFO o.a.j.t.JMeterThread: Thread finished: Thread Group 1-37
2021-03-05 10:12:59,837 INFO o.a.j.t.JMeterThread: Stopping: Thread Group 1-12
2021-03-05 10:12:59,837 WARN o.a.j.t.JMeterThread: Interrupting: Thread Group 1-12 sampler: tran2
2021-03-05 10:12:59,837 INFO o.a.j.t.JMeterThread: Stopping: Thread Group 1-19
2021-03-05 10:12:59,836 INFO o.a.j.t.JMeterThread: Thread finished: Thread Group 1-25
2021-03-05 10:12:59,837 WARN o.a.j.t.JMeterThread: Interrupting: Thread Group 1-19 sampler: tran2
2021-03-05 10:12:59,837 INFO o.a.j.t.JMeterThread: Thread finished: Thread Group 1-38
2021-03-05 10:12:59,837 INFO o.a.j.t.JMeterThread: Stopping: Thread Group 1-36
2021-03-05 10:12:59,839 INFO o.a.j.t.JMeterThread: Thread finished: Thread Group 1-12
2021-03-05 10:12:59,839 WARN o.a.j.t.JMeterThread: Interrupting: Thread Group 1-36 sampler: tran2
2021-03-05 10:12:59,839 INFO o.a.j.t.JMeterThread: Stopping: Thread Group 1-44
2021-03-05 10:12:59,840 WARN o.a.j.t.JMeterThread: Interrupting: Thread Group 1-44 sampler: tran2
2021-03-05 10:12:59,841 INFO o.a.j.t.JMeterThread: Stopping: Thread Group 1-9
2021-03-05 10:12:59,841 WARN o.a.j.t.JMeterThread: Interrupting: Thread Group 1-9 sampler: tran2
2021-03-05 10:12:59,841 INFO o.a.j.t.JMeterThread: Stopping: Thread Group 1-23
2021-03-05 10:12:59,841 WARN o.a.j.t.JMeterThread: Interrupting: Thread Group 1-23 sampler: tran2
2021-03-05 10:12:59,842 INFO o.a.j.t.JMeterThread: Thread finished: Thread Group 1-9
2021-03-05 10:12:59,842 INFO o.a.j.t.JMeterThread: Stopping: Thread Group 1-39
2021-03-05 10:12:59,843 WARN o.a.j.t.JMeterThread: Interrupting: Thread Group 1-39 sampler: tran2
2021-03-05 10:12:59,843 INFO o.a.j.t.JMeterThread: Stopping: Thread Group 1-5
2021-03-05 10:12:59,843 WARN o.a.j.t.JMeterThread: Interrupting: Thread Group 1-5 sampler: tran2
2021-03-05 10:12:59,843 INFO o.a.j.t.JMeterThread: Stopping: Thread Group 1-17
2021-03-05 10:12:59,843 WARN o.a.j.t.JMeterThread: Interrupting: Thread Group 1-17 sampler: tran2
2021-03-05 10:12:59,844 INFO o.a.j.t.JMeterThread: Stopping: Thread Group 1-26
2021-03-05 10:12:59,844 WARN o.a.j.t.JMeterThread: Interrupting: Thread Group 1-26 sampler: tran2
2021-03-05 10:12:59,840 INFO o.a.j.t.JMeterThread: Thread finished: Thread Group 1-36
2021-03-05 10:12:59,844 INFO o.a.j.t.JMeterThread: Stopping: Thread Group 1-28
2021-03-05 10:12:59,844 INFO o.a.j.t.JMeterThread: Thread finished: Thread Group 1-23
2021-03-05 10:12:59,845 INFO o.a.j.t.JMeterThread: Thread finished: Thread Group 1-5
2021-03-05 10:12:59,846 INFO o.a.j.t.JMeterThread: Thread finished: Thread Group 1-17
2021-03-05 10:12:59,842 INFO o.a.j.t.JMeterThread: Thread finished: Thread Group 1-44
2021-03-05 10:12:59,850 WARN o.a.j.t.JMeterThread: Interrupting: Thread Group 1-28 sampler: tran2
2021-03-05 10:12:59,850 INFO o.a.j.t.JMeterThread: Stopping: Thread Group 1-1
2021-03-05 10:12:59,850 WARN o.a.j.t.JMeterThread: Interrupting: Thread Group 1-1 sampler: tran2
2021-03-05 10:12:59,850 INFO o.a.j.t.JMeterThread: Stopping: Thread Group 1-41
2021-03-05 10:12:59,850 WARN o.a.j.t.JMeterThread: Interrupting: Thread Group 1-41 sampler: tran2
2021-03-05 10:12:59,850 INFO o.a.j.t.JMeterThread: Stopping: Thread Group 1-48
2021-03-05 10:12:59,850 WARN o.a.j.t.JMeterThread: Interrupting: Thread Group 1-48 sampler: tran2
2021-03-05 10:12:59,850 INFO o.a.j.t.JMeterThread: Stopping: Thread Group 1-16
2021-03-05 10:12:59,850 WARN o.a.j.t.JMeterThread: Interrupting: Thread Group 1-16 sampler: tran2
2021-03-05 10:12:59,841 INFO o.a.j.t.JMeterThread: Thread finished: Thread Group 1-19
2021-03-05 10:12:59,850 INFO o.a.j.t.JMeterThread: Stopping: Thread Group 1-13
2021-03-05 10:12:59,850 WARN o.a.j.t.JMeterThread: Interrupting: Thread Group 1-13 sampler: tran2
2021-03-05 10:12:59,851 INFO o.a.j.t.JMeterThread: Stopping: Thread Group 1-49
2021-03-05 10:12:59,851 WARN o.a.j.t.JMeterThread: Interrupting: Thread Group 1-49 sampler: tran2
2021-03-05 10:12:59,851 INFO o.a.j.t.JMeterThread: Stopping: Thread Group 1-11
2021-03-05 10:12:59,851 WARN o.a.j.t.JMeterThread: Interrupting: Thread Group 1-11 sampler: tran2
2021-03-05 10:12:59,851 INFO o.a.j.t.JMeterThread: Stopping: Thread Group 1-21
2021-03-05 10:12:59,851 WARN o.a.j.t.JMeterThread: Interrupting: Thread Group 1-21 sampler: tran2
2021-03-05 10:12:59,851 INFO o.a.j.t.JMeterThread: Stopping: Thread Group 1-27
2021-03-05 10:12:59,851 WARN o.a.j.t.JMeterThread: Interrupting: Thread Group 1-27 sampler: tran2
2021-03-05 10:12:59,851 INFO o.a.j.t.JMeterThread: Stopping: Thread Group 1-2
2021-03-05 10:12:59,851 WARN o.a.j.t.JMeterThread: Interrupting: Thread Group 1-2 sampler: tran2
2021-03-05 10:12:59,851 INFO o.a.j.t.JMeterThread: Stopping: Thread Group 1-3
2021-03-05 10:12:59,851 INFO o.a.j.t.JMeterThread: Thread finished: Thread Group 1-28
2021-03-05 10:12:59,852 WARN o.a.j.t.JMeterThread: Interrupting: Thread Group 1-3 sampler: tran1
2021-03-05 10:12:59,852 INFO o.a.j.t.JMeterThread: Stopping: Thread Group 1-33
2021-03-05 10:12:59,852 WARN o.a.j.t.JMeterThread: Interrupting: Thread Group 1-33 sampler: tran2
2021-03-05 10:12:59,852 INFO o.a.j.t.JMeterThread: Stopping: Thread Group 1-20
2021-03-05 10:12:59,852 WARN o.a.j.t.JMeterThread: Interrupting: Thread Group 1-20 sampler: tran2
2021-03-05 10:12:59,852 INFO o.a.j.t.JMeterThread: Thread finished: Thread Group 1-48
2021-03-05 10:12:59,847 INFO o.a.j.t.JMeterThread: Thread finished: Thread Group 1-26
2021-03-05 10:12:59,853 INFO o.a.j.t.JMeterThread: Thread finished: Thread Group 1-16
2021-03-05 10:12:59,853 INFO o.a.j.t.JMeterThread: Thread finished: Thread Group 1-11
2021-03-05 10:12:59,853 INFO o.a.j.t.JMeterThread: Thread finished: Thread Group 1-21
2021-03-05 10:12:59,853 INFO o.a.j.t.JMeterThread: Thread finished: Thread Group 1-49
2021-03-05 10:12:59,854 INFO o.a.j.t.JMeterThread: Thread finished: Thread Group 1-27
2021-03-05 10:12:59,854 INFO o.a.j.t.JMeterThread: Thread finished: Thread Group 1-2
2021-03-05 10:12:59,854 INFO o.a.j.t.JMeterThread: Thread finished: Thread Group 1-3
2021-03-05 10:12:59,855 INFO o.a.j.t.JMeterThread: Thread finished: Thread Group 1-33
2021-03-05 10:12:59,855 INFO o.a.j.t.JMeterThread: Thread finished: Thread Group 1-41
2021-03-05 10:12:59,852 INFO o.a.j.t.JMeterThread: Thread finished: Thread Group 1-1
2021-03-05 10:12:59,844 INFO o.a.j.t.JMeterThread: Thread finished: Thread Group 1-39
2021-03-05 10:12:59,857 INFO o.a.j.t.JMeterThread: Thread finished: Thread Group 1-13
2021-03-05 10:12:59,858 INFO o.a.j.t.JMeterThread: Stopping: Thread Group 1-40
2021-03-05 10:12:59,858 WARN o.a.j.t.JMeterThread: Interrupting: Thread Group 1-40 sampler: tran2
2021-03-05 10:12:59,858 INFO o.a.j.t.JMeterThread: Stopping: Thread Group 1-15
2021-03-05 10:12:59,858 WARN o.a.j.t.JMeterThread: Interrupting: Thread Group 1-15 sampler: tran1
2021-03-05 10:12:59,859 INFO o.a.j.t.JMeterThread: Stopping: Thread Group 1-47
2021-03-05 10:12:59,860 INFO o.a.j.t.JMeterThread: Thread finished: Thread Group 1-20
2021-03-05 10:12:59,861 INFO o.a.j.t.JMeterThread: Thread finished: Thread Group 1-40
2021-03-05 10:12:59,862 WARN o.a.j.t.JMeterThread: Interrupting: Thread Group 1-47 sampler: tran2
2021-03-05 10:12:59,862 INFO o.a.j.t.JMeterThread: Stopping: Thread Group 1-31
2021-03-05 10:12:59,862 WARN o.a.j.t.JMeterThread: Interrupting: Thread Group 1-31 sampler: tran2
2021-03-05 10:12:59,863 INFO o.a.j.t.JMeterThread: Stopping: Thread Group 1-10
2021-03-05 10:12:59,863 WARN o.a.j.t.JMeterThread: Interrupting: Thread Group 1-10 sampler: tran2
2021-03-05 10:12:59,863 INFO o.a.j.t.JMeterThread: Stopping: Thread Group 1-4
2021-03-05 10:12:59,863 WARN o.a.j.t.JMeterThread: Interrupting: Thread Group 1-4 sampler: tran2
2021-03-05 10:12:59,863 WARN o.a.j.t.ThreadGroup: Thread won't exit: Thread Group 1-15
2021-03-05 10:12:59,861 INFO o.a.j.t.JMeterThread: Thread finished: Thread Group 1-15
2021-03-05 10:12:59,865 INFO o.a.j.t.JMeterThread: Thread finished: Thread Group 1-47
2021-03-05 10:12:59,865 INFO o.a.j.t.JMeterThread: Thread finished: Thread Group 1-4
2021-03-05 10:12:59,865 INFO o.a.j.t.JMeterThread: Thread finished: Thread Group 1-10
2021-03-05 10:12:59,865 INFO o.a.j.t.JMeterThread: Thread finished: Thread Group 1-31
2021-03-05 10:12:59,868 INFO o.a.j.e.StandardJMeterEngine: Notifying test listeners of end of test
2021-03-05 10:12:59,868 INFO o.a.j.g.u.JMeterMenuBar: setRunning(false, *local*)
2021-03-05 10:13:59,309 INFO o.a.j.e.StandardJMeterEngine: Running the test!
2021-03-05 10:13:59,310 INFO o.a.j.s.SampleEvent: List of sample_variables: []
2021-03-05 10:13:59,574 INFO o.a.j.s.SaveService: Testplan (JMX) version: 2.2. Testlog (JTL) version: 2.2
2021-03-05 10:13:59,583 INFO o.a.j.s.SaveService: Using SaveService properties version 5.0
2021-03-05 10:13:59,585 INFO o.a.j.s.SaveService: Using SaveService properties file encoding UTF-8
2021-03-05 10:13:59,592 INFO o.a.j.g.u.JMeterMenuBar: setRunning(true, *local*)
2021-03-05 10:13:59,659 INFO o.a.j.e.StandardJMeterEngine: Starting ThreadGroup: 1 : Thread Group
2021-03-05 10:13:59,659 INFO o.a.j.e.StandardJMeterEngine: Starting 50 threads for group Thread Group.
2021-03-05 10:13:59,659 INFO o.a.j.e.StandardJMeterEngine: Thread will continue on error
2021-03-05 10:13:59,659 INFO o.a.j.t.ThreadGroup: Starting thread group... number=1 threads=50 ramp-up=1 delayedStart=false
2021-03-05 10:13:59,664 INFO o.a.j.t.JMeterThread: Thread started: Thread Group 1-1
2021-03-05 10:13:59,685 INFO o.a.j.t.JMeterThread: Thread started: Thread Group 1-2
2021-03-05 10:13:59,695 INFO o.a.j.t.ThreadGroup: Started thread group number 1
2021-03-05 10:13:59,695 INFO o.a.j.e.StandardJMeterEngine: All thread groups have been started
2021-03-05 10:13:59,705 INFO o.a.j.t.JMeterThread: Thread started: Thread Group 1-3
2021-03-05 10:13:59,725 INFO o.a.j.t.JMeterThread: Thread started: Thread Group 1-4
2021-03-05 10:13:59,741 INFO o.a.j.t.JMeterThread: Thread started: Thread Group 1-5
2021-03-05 10:13:59,765 INFO o.a.j.t.JMeterThread: Thread started: Thread Group 1-6
2021-03-05 10:13:59,784 INFO o.a.j.t.JMeterThread: Thread started: Thread Group 1-7
2021-03-05 10:13:59,806 INFO o.a.j.t.JMeterThread: Thread started: Thread Group 1-8
2021-03-05 10:13:59,826 INFO o.a.j.t.JMeterThread: Thread started: Thread Group 1-9
2021-03-05 10:13:59,845 INFO o.a.j.t.JMeterThread: Thread started: Thread Group 1-10
2021-03-05 10:13:59,861 INFO o.a.j.t.JMeterThread: Thread started: Thread Group 1-11
2021-03-05 10:13:59,885 INFO o.a.j.t.JMeterThread: Thread started: Thread Group 1-12
2021-03-05 10:13:59,901 INFO o.a.j.t.JMeterThread: Thread started: Thread Group 1-13
2021-03-05 10:13:59,925 INFO o.a.j.t.JMeterThread: Thread started: Thread Group 1-14
2021-03-05 10:13:59,945 INFO o.a.j.t.JMeterThread: Thread started: Thread Group 1-15
2021-03-05 10:13:59,962 INFO o.a.j.t.JMeterThread: Thread started: Thread Group 1-16
2021-03-05 10:13:59,984 INFO o.a.j.t.JMeterThread: Thread started: Thread Group 1-17
2021-03-05 10:14:00,001 INFO o.a.j.t.JMeterThread: Thread started: Thread Group 1-18
2021-03-05 10:14:00,025 INFO o.a.j.t.JMeterThread: Thread started: Thread Group 1-19
2021-03-05 10:14:00,043 INFO o.a.j.t.JMeterThread: Thread started: Thread Group 1-20
2021-03-05 10:14:00,062 INFO o.a.j.t.JMeterThread: Thread started: Thread Group 1-21
2021-03-05 10:14:00,085 INFO o.a.j.t.JMeterThread: Thread started: Thread Group 1-22
2021-03-05 10:14:00,103 INFO o.a.j.t.JMeterThread: Thread started: Thread Group 1-23
2021-03-05 10:14:00,125 INFO o.a.j.t.JMeterThread: Thread started: Thread Group 1-24
2021-03-05 10:14:00,143 INFO o.a.j.t.JMeterThread: Thread started: Thread Group 1-25
2021-03-05 10:14:00,160 INFO o.a.j.t.JMeterThread: Thread started: Thread Group 1-26
2021-03-05 10:14:00,180 INFO o.a.j.t.JMeterThread: Thread started: Thread Group 1-27
2021-03-05 10:14:00,201 INFO o.a.j.t.JMeterThread: Thread started: Thread Group 1-28
2021-03-05 10:14:00,224 INFO o.a.j.t.JMeterThread: Thread started: Thread Group 1-29
2021-03-05 10:14:00,241 INFO o.a.j.t.JMeterThread: Thread started: Thread Group 1-30
2021-03-05 10:14:00,262 INFO o.a.j.t.JMeterThread: Thread started: Thread Group 1-31
2021-03-05 10:14:00,283 INFO o.a.j.t.JMeterThread: Thread started: Thread Group 1-32
2021-03-05 10:14:00,301 INFO o.a.j.t.JMeterThread: Thread started: Thread Group 1-33
2021-03-05 10:14:00,322 INFO o.a.j.t.JMeterThread: Thread started: Thread Group 1-34
2021-03-05 10:14:00,342 INFO o.a.j.t.JMeterThread: Thread started: Thread Group 1-35
2021-03-05 10:14:00,361 INFO o.a.j.t.JMeterThread: Thread started: Thread Group 1-36
2021-03-05 10:14:00,385 INFO o.a.j.t.JMeterThread: Thread started: Thread Group 1-37
2021-03-05 10:14:00,402 INFO o.a.j.t.JMeterThread: Thread started: Thread Group 1-38
2021-03-05 10:14:00,423 INFO o.a.j.t.JMeterThread: Thread started: Thread Group 1-39
2021-03-05 10:14:00,445 INFO o.a.j.t.JMeterThread: Thread started: Thread Group 1-40
2021-03-05 10:14:00,460 INFO o.a.j.t.JMeterThread: Thread started: Thread Group 1-41
2021-03-05 10:14:00,480 INFO o.a.j.t.JMeterThread: Thread started: Thread Group 1-42
2021-03-05 10:14:00,504 INFO o.a.j.t.JMeterThread: Thread started: Thread Group 1-43
2021-03-05 10:14:00,525 INFO o.a.j.t.JMeterThread: Thread started: Thread Group 1-44
2021-03-05 10:14:00,542 INFO o.a.j.t.JMeterThread: Thread started: Thread Group 1-45
2021-03-05 10:14:00,564 INFO o.a.j.t.JMeterThread: Thread started: Thread Group 1-46
2021-03-05 10:14:00,580 INFO o.a.j.t.JMeterThread: Thread started: Thread Group 1-47
2021-03-05 10:14:00,602 INFO o.a.j.t.JMeterThread: Thread started: Thread Group 1-48
2021-03-05 10:14:00,624 INFO o.a.j.t.JMeterThread: Thread started: Thread Group 1-49
2021-03-05 10:14:00,643 INFO o.a.j.t.JMeterThread: Thread started: Thread Group 1-50
2021-03-05 10:14:29,096 INFO o.a.j.g.a.Start: Stopping test
2021-03-05 10:14:29,112 INFO o.a.j.t.JMeterThread: Stopping: Thread Group 1-23
2021-03-05 10:14:29,112 WARN o.a.j.t.JMeterThread: Interrupting: Thread Group 1-23 sampler: tran2
2021-03-05 10:14:29,112 INFO o.a.j.t.JMeterThread: Stopping: Thread Group 1-40
2021-03-05 10:14:29,112 WARN o.a.j.t.JMeterThread: Interrupting: Thread Group 1-40 sampler: tran2
2021-03-05 10:14:29,112 INFO o.a.j.t.JMeterThread: Stopping: Thread Group 1-43
2021-03-05 10:14:29,112 WARN o.a.j.t.JMeterThread: Interrupting: Thread Group 1-43 sampler: tran2
2021-03-05 10:14:29,113 INFO o.a.j.t.JMeterThread: Thread finished: Thread Group 1-23
2021-03-05 10:14:29,113 INFO o.a.j.t.JMeterThread: Thread finished: Thread Group 1-43
2021-03-05 10:14:29,113 INFO o.a.j.t.JMeterThread: Thread finished: Thread Group 1-40
2021-03-05 10:14:29,113 INFO o.a.j.t.JMeterThread: Stopping: Thread Group 1-8
2021-03-05 10:14:29,113 WARN o.a.j.t.JMeterThread: Interrupting: Thread Group 1-8 sampler: tran2
2021-03-05 10:14:29,113 INFO o.a.j.t.JMeterThread: Stopping: Thread Group 1-32
2021-03-05 10:14:29,113 WARN o.a.j.t.JMeterThread: Interrupting: Thread Group 1-32 sampler: tran2
2021-03-05 10:14:29,113 INFO o.a.j.t.JMeterThread: Thread finished: Thread Group 1-8
2021-03-05 10:14:29,113 INFO o.a.j.t.JMeterThread: Stopping: Thread Group 1-35
2021-03-05 10:14:29,114 WARN o.a.j.t.JMeterThread: Interrupting: Thread Group 1-35 sampler: tran2
2021-03-05 10:14:29,114 INFO o.a.j.t.JMeterThread: Thread finished: Thread Group 1-32
2021-03-05 10:14:29,114 INFO o.a.j.t.JMeterThread: Stopping: Thread Group 1-47
2021-03-05 10:14:29,114 WARN o.a.j.t.JMeterThread: Interrupting: Thread Group 1-47 sampler: tran2
2021-03-05 10:14:29,114 INFO o.a.j.t.JMeterThread: Stopping: Thread Group 1-7
2021-03-05 10:14:29,115 INFO o.a.j.t.JMeterThread: Thread finished: Thread Group 1-35
2021-03-05 10:14:29,115 WARN o.a.j.t.JMeterThread: Interrupting: Thread Group 1-7 sampler: tran2
2021-03-05 10:14:29,115 INFO o.a.j.t.JMeterThread: Thread finished: Thread Group 1-47
2021-03-05 10:14:29,116 INFO o.a.j.t.JMeterThread: Stopping: Thread Group 1-30
2021-03-05 10:14:29,116 WARN o.a.j.t.JMeterThread: Interrupting: Thread Group 1-30 sampler: tran2
2021-03-05 10:14:29,116 INFO o.a.j.t.JMeterThread: Stopping: Thread Group 1-41
2021-03-05 10:14:29,116 WARN o.a.j.t.JMeterThread: Interrupting: Thread Group 1-41 sampler: tran2
2021-03-05 10:14:29,116 INFO o.a.j.t.JMeterThread: Stopping: Thread Group 1-46
2021-03-05 10:14:29,116 WARN o.a.j.t.JMeterThread: Interrupting: Thread Group 1-46 sampler: tran2
2021-03-05 10:14:29,116 INFO o.a.j.t.JMeterThread: Thread finished: Thread Group 1-7
2021-03-05 10:14:29,116 INFO o.a.j.t.JMeterThread: Stopping: Thread Group 1-39
2021-03-05 10:14:29,117 WARN o.a.j.t.JMeterThread: Interrupting: Thread Group 1-39 sampler: tran2
2021-03-05 10:14:29,117 INFO o.a.j.t.JMeterThread: Stopping: Thread Group 1-20
2021-03-05 10:14:29,117 WARN o.a.j.t.JMeterThread: Interrupting: Thread Group 1-20 sampler: tran2
2021-03-05 10:14:29,117 INFO o.a.j.t.JMeterThread: Stopping: Thread Group 1-1
2021-03-05 10:14:29,117 WARN o.a.j.t.JMeterThread: Interrupting: Thread Group 1-1 sampler: tran2
2021-03-05 10:14:29,117 INFO o.a.j.t.JMeterThread: Stopping: Thread Group 1-14
2021-03-05 10:14:29,117 WARN o.a.j.t.JMeterThread: Interrupting: Thread Group 1-14 sampler: tran2
2021-03-05 10:14:29,117 INFO o.a.j.t.JMeterThread: Stopping: Thread Group 1-38
2021-03-05 10:14:29,117 WARN o.a.j.t.JMeterThread: Interrupting: Thread Group 1-38 sampler: tran1
2021-03-05 10:14:29,117 INFO o.a.j.t.JMeterThread: Stopping: Thread Group 1-29
2021-03-05 10:14:29,117 WARN o.a.j.t.JMeterThread: Interrupting: Thread Group 1-29 sampler: tran2
2021-03-05 10:14:29,117 INFO o.a.j.t.JMeterThread: Stopping: Thread Group 1-15
2021-03-05 10:14:29,117 INFO o.a.j.t.JMeterThread: Thread finished: Thread Group 1-30
2021-03-05 10:14:29,118 INFO o.a.j.t.JMeterThread: Thread finished: Thread Group 1-29
2021-03-05 10:14:29,118 WARN o.a.j.t.JMeterThread: Interrupting: Thread Group 1-15 sampler: tran2
2021-03-05 10:14:29,119 INFO o.a.j.t.JMeterThread: Stopping: Thread Group 1-17
2021-03-05 10:14:29,119 INFO o.a.j.t.JMeterThread: Thread finished: Thread Group 1-38
2021-03-05 10:14:29,119 INFO o.a.j.t.JMeterThread: Thread finished: Thread Group 1-41
2021-03-05 10:14:29,120 WARN o.a.j.t.JMeterThread: Interrupting: Thread Group 1-17 sampler: tran2
2021-03-05 10:14:29,119 INFO o.a.j.t.JMeterThread: Thread finished: Thread Group 1-46
2021-03-05 10:14:29,119 INFO o.a.j.t.JMeterThread: Thread finished: Thread Group 1-39
2021-03-05 10:14:29,120 INFO o.a.j.t.JMeterThread: Stopping: Thread Group 1-24
2021-03-05 10:14:29,120 INFO o.a.j.t.JMeterThread: Thread finished: Thread Group 1-17
2021-03-05 10:14:29,120 WARN o.a.j.t.JMeterThread: Interrupting: Thread Group 1-24 sampler: tran2
2021-03-05 10:14:29,120 INFO o.a.j.t.JMeterThread: Stopping: Thread Group 1-11
2021-03-05 10:14:29,120 WARN o.a.j.t.JMeterThread: Interrupting: Thread Group 1-11 sampler: tran2
2021-03-05 10:14:29,120 INFO o.a.j.t.JMeterThread: Stopping: Thread Group 1-10
2021-03-05 10:14:29,121 WARN o.a.j.t.JMeterThread: Interrupting: Thread Group 1-10 sampler: tran2
2021-03-05 10:14:29,121 INFO o.a.j.t.JMeterThread: Stopping: Thread Group 1-49
2021-03-05 10:14:29,121 WARN o.a.j.t.JMeterThread: Interrupting: Thread Group 1-49 sampler: tran2
2021-03-05 10:14:29,121 INFO o.a.j.t.JMeterThread: Stopping: Thread Group 1-42
2021-03-05 10:14:29,121 WARN o.a.j.t.JMeterThread: Interrupting: Thread Group 1-42 sampler: tran2
2021-03-05 10:14:29,121 INFO o.a.j.t.JMeterThread: Stopping: Thread Group 1-34
2021-03-05 10:14:29,121 WARN o.a.j.t.JMeterThread: Interrupting: Thread Group 1-34 sampler: tran1
2021-03-05 10:14:29,119 INFO o.a.j.t.JMeterThread: Thread finished: Thread Group 1-20
2021-03-05 10:14:29,119 INFO o.a.j.t.JMeterThread: Thread finished: Thread Group 1-1
2021-03-05 10:14:29,119 INFO o.a.j.t.JMeterThread: Thread finished: Thread Group 1-14
2021-03-05 10:14:29,122 INFO o.a.j.t.JMeterThread: Thread finished: Thread Group 1-42
2021-03-05 10:14:29,123 INFO o.a.j.t.JMeterThread: Thread finished: Thread Group 1-49
2021-03-05 10:14:29,123 INFO o.a.j.t.JMeterThread: Thread finished: Thread Group 1-34
2021-03-05 10:14:29,123 INFO o.a.j.t.JMeterThread: Thread finished: Thread Group 1-10
2021-03-05 10:14:29,122 INFO o.a.j.t.JMeterThread: Stopping: Thread Group 1-26
2021-03-05 10:14:29,123 WARN o.a.j.t.JMeterThread: Interrupting: Thread Group 1-26 sampler: tran2
2021-03-05 10:14:29,123 INFO o.a.j.t.JMeterThread: Thread finished: Thread Group 1-11
2021-03-05 10:14:29,123 INFO o.a.j.t.JMeterThread: Stopping: Thread Group 1-36
2021-03-05 10:14:29,123 WARN o.a.j.t.JMeterThread: Interrupting: Thread Group 1-36 sampler: tran2
2021-03-05 10:14:29,123 INFO o.a.j.t.JMeterThread: Stopping: Thread Group 1-21
2021-03-05 10:14:29,123 WARN o.a.j.t.JMeterThread: Interrupting: Thread Group 1-21 sampler: tran2
2021-03-05 10:14:29,123 INFO o.a.j.t.JMeterThread: Stopping: Thread Group 1-48
2021-03-05 10:14:29,123 WARN o.a.j.t.JMeterThread: Interrupting: Thread Group 1-48 sampler: tran2
2021-03-05 10:14:29,123 INFO o.a.j.t.JMeterThread: Stopping: Thread Group 1-5
2021-03-05 10:14:29,121 INFO o.a.j.t.JMeterThread: Thread finished: Thread Group 1-15
2021-03-05 10:14:29,124 INFO o.a.j.t.JMeterThread: Thread finished: Thread Group 1-26
2021-03-05 10:14:29,124 INFO o.a.j.t.JMeterThread: Thread finished: Thread Group 1-21
2021-03-05 10:14:29,124 INFO o.a.j.t.JMeterThread: Thread finished: Thread Group 1-48
2021-03-05 10:14:29,124 INFO o.a.j.t.JMeterThread: Thread finished: Thread Group 1-24
2021-03-05 10:14:29,123 WARN o.a.j.t.JMeterThread: Interrupting: Thread Group 1-5 sampler: tran2
2021-03-05 10:14:29,125 INFO o.a.j.t.JMeterThread: Thread finished: Thread Group 1-36
2021-03-05 10:14:29,126 INFO o.a.j.t.JMeterThread: Stopping: Thread Group 1-12
2021-03-05 10:14:29,127 WARN o.a.j.t.JMeterThread: Interrupting: Thread Group 1-12 sampler: tran2
2021-03-05 10:14:29,128 INFO o.a.j.t.JMeterThread: Stopping: Thread Group 1-3
2021-03-05 10:14:29,129 WARN o.a.j.t.JMeterThread: Interrupting: Thread Group 1-3 sampler: tran2
2021-03-05 10:14:29,129 INFO o.a.j.t.JMeterThread: Stopping: Thread Group 1-27
2021-03-05 10:14:29,129 WARN o.a.j.t.JMeterThread: Interrupting: Thread Group 1-27 sampler: tran1
2021-03-05 10:14:29,129 INFO o.a.j.t.JMeterThread: Thread finished: Thread Group 1-5
2021-03-05 10:14:29,129 INFO o.a.j.t.JMeterThread: Stopping: Thread Group 1-4
2021-03-05 10:14:29,129 WARN o.a.j.t.JMeterThread: Interrupting: Thread Group 1-4 sampler: tran2
2021-03-05 10:14:29,129 INFO o.a.j.t.JMeterThread: Thread finished: Thread Group 1-12
2021-03-05 10:14:29,129 INFO o.a.j.t.JMeterThread: Stopping: Thread Group 1-25
2021-03-05 10:14:29,130 WARN o.a.j.t.JMeterThread: Interrupting: Thread Group 1-25 sampler: tran2
2021-03-05 10:14:29,130 INFO o.a.j.t.JMeterThread: Stopping: Thread Group 1-37
2021-03-05 10:14:29,130 WARN o.a.j.t.JMeterThread: Interrupting: Thread Group 1-37 sampler: tran2
2021-03-05 10:14:29,130 INFO o.a.j.t.JMeterThread: Stopping: Thread Group 1-6
2021-03-05 10:14:29,130 WARN o.a.j.t.JMeterThread: Interrupting: Thread Group 1-6 sampler: tran2
2021-03-05 10:14:29,130 INFO o.a.j.t.JMeterThread: Stopping: Thread Group 1-45
2021-03-05 10:14:29,130 WARN o.a.j.t.JMeterThread: Interrupting: Thread Group 1-45 sampler: tran2
2021-03-05 10:14:29,130 INFO o.a.j.t.JMeterThread: Stopping: Thread Group 1-13
2021-03-05 10:14:29,130 WARN o.a.j.t.JMeterThread: Interrupting: Thread Group 1-13 sampler: tran2
2021-03-05 10:14:29,130 INFO o.a.j.t.JMeterThread: Stopping: Thread Group 1-16
2021-03-05 10:14:29,130 WARN o.a.j.t.JMeterThread: Interrupting: Thread Group 1-16 sampler: tran2
2021-03-05 10:14:29,130 INFO o.a.j.t.JMeterThread: Stopping: Thread Group 1-18
2021-03-05 10:14:29,130 WARN o.a.j.t.JMeterThread: Interrupting: Thread Group 1-18 sampler: tran2
2021-03-05 10:14:29,130 INFO o.a.j.t.JMeterThread: Thread finished: Thread Group 1-3
2021-03-05 10:14:29,130 INFO o.a.j.t.JMeterThread: Thread finished: Thread Group 1-27
2021-03-05 10:14:29,131 INFO o.a.j.t.JMeterThread: Thread finished: Thread Group 1-4
2021-03-05 10:14:29,131 INFO o.a.j.t.JMeterThread: Thread finished: Thread Group 1-25
2021-03-05 10:14:29,132 INFO o.a.j.t.JMeterThread: Thread finished: Thread Group 1-6
2021-03-05 10:14:29,132 INFO o.a.j.t.JMeterThread: Thread finished: Thread Group 1-37
2021-03-05 10:14:29,132 INFO o.a.j.t.JMeterThread: Thread finished: Thread Group 1-45
2021-03-05 10:14:29,132 INFO o.a.j.t.JMeterThread: Thread finished: Thread Group 1-13
2021-03-05 10:14:29,132 INFO o.a.j.t.JMeterThread: Thread finished: Thread Group 1-16
2021-03-05 10:14:29,130 INFO o.a.j.t.JMeterThread: Stopping: Thread Group 1-9
2021-03-05 10:14:29,132 INFO o.a.j.t.JMeterThread: Thread finished: Thread Group 1-18
2021-03-05 10:14:29,132 WARN o.a.j.t.JMeterThread: Interrupting: Thread Group 1-9 sampler: tran2
2021-03-05 10:14:29,133 INFO o.a.j.t.JMeterThread: Stopping: Thread Group 1-19
2021-03-05 10:14:29,133 WARN o.a.j.t.JMeterThread: Interrupting: Thread Group 1-19 sampler: tran1
2021-03-05 10:14:29,133 INFO o.a.j.t.JMeterThread: Stopping: Thread Group 1-44
2021-03-05 10:14:29,133 WARN o.a.j.t.JMeterThread: Interrupting: Thread Group 1-44 sampler: tran2
2021-03-05 10:14:29,134 INFO o.a.j.t.JMeterThread: Thread finished: Thread Group 1-9
2021-03-05 10:14:29,134 INFO o.a.j.t.JMeterThread: Stopping: Thread Group 1-22
2021-03-05 10:14:29,134 WARN o.a.j.t.JMeterThread: Interrupting: Thread Group 1-22 sampler: tran2
2021-03-05 10:14:29,134 INFO o.a.j.t.JMeterThread: Thread finished: Thread Group 1-19
2021-03-05 10:14:29,134 INFO o.a.j.t.JMeterThread: Thread finished: Thread Group 1-44
2021-03-05 10:14:29,134 INFO o.a.j.t.JMeterThread: Stopping: Thread Group 1-28
2021-03-05 10:14:29,134 WARN o.a.j.t.JMeterThread: Interrupting: Thread Group 1-28 sampler: tran2
2021-03-05 10:14:29,134 INFO o.a.j.t.JMeterThread: Stopping: Thread Group 1-2
2021-03-05 10:14:29,134 INFO o.a.j.t.JMeterThread: Thread finished: Thread Group 1-22
2021-03-05 10:14:29,134 WARN o.a.j.t.JMeterThread: Interrupting: Thread Group 1-2 sampler: tran2
2021-03-05 10:14:29,134 INFO o.a.j.t.JMeterThread: Stopping: Thread Group 1-50
2021-03-05 10:14:29,134 WARN o.a.j.t.JMeterThread: Interrupting: Thread Group 1-50 sampler: tran1
2021-03-05 10:14:29,134 INFO o.a.j.t.JMeterThread: Stopping: Thread Group 1-31
2021-03-05 10:14:29,134 WARN o.a.j.t.JMeterThread: Interrupting: Thread Group 1-31 sampler: tran2
2021-03-05 10:14:29,134 INFO o.a.j.t.JMeterThread: Stopping: Thread Group 1-33
2021-03-05 10:14:29,134 WARN o.a.j.t.JMeterThread: Interrupting: Thread Group 1-33 sampler: tran2
2021-03-05 10:14:29,135 WARN o.a.j.t.ThreadGroup: Thread won't exit: Thread Group 1-28
2021-03-05 10:14:29,135 INFO o.a.j.t.JMeterThread: Thread finished: Thread Group 1-50
2021-03-05 10:14:29,135 INFO o.a.j.t.JMeterThread: Thread finished: Thread Group 1-2
2021-03-05 10:14:29,135 INFO o.a.j.t.JMeterThread: Thread finished: Thread Group 1-31
2021-03-05 10:14:29,135 INFO o.a.j.t.JMeterThread: Thread finished: Thread Group 1-33
2021-03-05 10:14:29,135 INFO o.a.j.t.JMeterThread: Thread finished: Thread Group 1-28
2021-03-05 10:14:29,136 INFO o.a.j.e.StandardJMeterEngine: Notifying test listeners of end of test
2021-03-05 10:14:29,136 INFO o.a.j.g.u.JMeterMenuBar: setRunning(false, *local*)
